2024-03-19 12:14:10,149 - INFO - TestESSJobClass - test_ess_job - Logged in successfully
2024-03-19 12:14:15,164 - INFO - TestESSJobClass - test_ess_job - Start processing of job : AARC GL Journal FBDI Validation Report_15021_10_1
2024-03-19 12:14:27,469 - INFO - TestESSJobClass - test_ess_job - Start processing of Parameter : Source and datatype String
2024-03-19 12:14:43,237 - INFO - TestESSJobClass - test_ess_job - End processing of Parameter : Source
2024-03-19 12:14:43,274 - INFO - TestESSJobClass - test_ess_job - Start processing of Parameter : Period Year and datatype String
2024-03-19 12:14:59,341 - INFO - TestESSJobClass - test_ess_job - End processing of Parameter : Period Year
2024-03-19 12:14:59,407 - INFO - TestESSJobClass - test_ess_job - Start processing of Parameter : Period Name and datatype String
2024-03-19 12:15:15,139 - INFO - TestESSJobClass - test_ess_job - End processing of Parameter : Period Name
2024-03-19 12:15:15,193 - INFO - TestESSJobClass - test_ess_job - Start processing of Parameter : Status and datatype String
2024-03-19 12:15:31,069 - INFO - TestESSJobClass - test_ess_job - End processing of Parameter : Status
2024-03-19 12:15:31,100 - INFO - TestESSJobClass - test_ess_job - Start processing of Parameter : Batch Name and datatype String
2024-03-19 12:15:46,780 - INFO - TestESSJobClass - test_ess_job - End processing of Parameter : Batch Name
2024-03-19 12:15:46,819 - INFO - TestESSJobClass - test_ess_job - Start processing of Parameter : Creation Date From and datatype Date or time
2024-03-19 12:15:52,399 - INFO - TestESSJobClass - test_ess_job - End processing of Parameter : Creation Date From
2024-03-19 12:15:52,455 - INFO - TestESSJobClass - test_ess_job - Start processing of Parameter : Creation Date To and datatype Date or time
2024-03-19 12:15:58,390 - INFO - TestESSJobClass - test_ess_job - End processing of Parameter : Creation Date To
2024-03-19 12:15:58,420 - INFO - TestESSJobClass - test_ess_job - Start processing of Parameter : From Period and datatype String
2024-03-19 12:16:14,371 - INFO - TestESSJobClass - test_ess_job - End processing of Parameter : From Period
2024-03-19 12:16:14,409 - INFO - TestESSJobClass - test_ess_job - Start processing of Parameter : To Period and datatype String
2024-03-19 12:16:30,304 - INFO - TestESSJobClass - test_ess_job - End processing of Parameter : To Period
2024-03-19 12:16:30,349 - INFO - TestESSJobClass - test_ess_job - Start processing of Parameter : Ledger Name and datatype String
2024-03-19 12:16:46,720 - INFO - TestESSJobClass - test_ess_job - End processing of Parameter : Ledger Name
2024-03-19 12:17:21,209 - DEBUG - TestESSJobClass - test_ess_job - confirmation_message Your changes were saved.
2024-03-19 12:17:21,251 - INFO - TestESSJobClass - test_ess_job - End processing of job : AARC GL Journal FBDI Validation Report_15021_10_1
2024-03-21 17:32:35,509 - INFO - TestESSJobClass - test_ess_job - Logged in successfully
